[0.008s] Invoking command in '/home/bhj/sim_ws/learn_gz/build/learn_gz': CMAKE_PREFIX_PATH=${CMAKE_PREFIX_PATH}:/opt/ros/humble /usr/bin/cmake --build /home/bhj/sim_ws/learn_gz/build/learn_gz -- -j12 -l12
[0.037s] Invoked command in '/home/bhj/sim_ws/learn_gz/build/learn_gz' returned '0': CMAKE_PREFIX_PATH=${CMAKE_PREFIX_PATH}:/opt/ros/humble /usr/bin/cmake --build /home/bhj/sim_ws/learn_gz/build/learn_gz -- -j12 -l12
[0.044s] Invoking command in '/home/bhj/sim_ws/learn_gz/build/learn_gz': CMAKE_PREFIX_PATH=${CMAKE_PREFIX_PATH}:/opt/ros/humble /usr/bin/cmake --install /home/bhj/sim_ws/learn_gz/build/learn_gz
[0.049s] -- Install configuration: ""
[0.049s] -- Up-to-date: /home/bhj/sim_ws/learn_gz/install/learn_gz/share/learn_gz//launch
[0.049s] -- Installing: /home/bhj/sim_ws/learn_gz/install/learn_gz/share/learn_gz//launch/gz_sim.launch.py
[0.049s] -- Up-to-date: /home/bhj/sim_ws/learn_gz/install/learn_gz/share/ament_index/resource_index/package_run_dependencies/learn_gz
[0.050s] -- Up-to-date: /home/bhj/sim_ws/learn_gz/install/learn_gz/share/ament_index/resource_index/parent_prefix_path/learn_gz
[0.050s] -- Up-to-date: /home/bhj/sim_ws/learn_gz/install/learn_gz/share/learn_gz/environment/ament_prefix_path.sh
[0.050s] -- Up-to-date: /home/bhj/sim_ws/learn_gz/install/learn_gz/share/learn_gz/environment/ament_prefix_path.dsv
[0.050s] -- Up-to-date: /home/bhj/sim_ws/learn_gz/install/learn_gz/share/learn_gz/environment/path.sh
[0.050s] -- Up-to-date: /home/bhj/sim_ws/learn_gz/install/learn_gz/share/learn_gz/environment/path.dsv
[0.050s] -- Up-to-date: /home/bhj/sim_ws/learn_gz/install/learn_gz/share/learn_gz/local_setup.bash
[0.050s] -- Up-to-date: /home/bhj/sim_ws/learn_gz/install/learn_gz/share/learn_gz/local_setup.sh
[0.050s] -- Up-to-date: /home/bhj/sim_ws/learn_gz/install/learn_gz/share/learn_gz/local_setup.zsh
[0.050s] -- Up-to-date: /home/bhj/sim_ws/learn_gz/install/learn_gz/share/learn_gz/local_setup.dsv
[0.050s] -- Installing: /home/bhj/sim_ws/learn_gz/install/learn_gz/share/learn_gz/package.dsv
[0.050s] -- Up-to-date: /home/bhj/sim_ws/learn_gz/install/learn_gz/share/ament_index/resource_index/packages/learn_gz
[0.050s] -- Up-to-date: /home/bhj/sim_ws/learn_gz/install/learn_gz/share/learn_gz/cmake/learn_gzConfig.cmake
[0.050s] -- Up-to-date: /home/bhj/sim_ws/learn_gz/install/learn_gz/share/learn_gz/cmake/learn_gzConfig-version.cmake
[0.050s] -- Up-to-date: /home/bhj/sim_ws/learn_gz/install/learn_gz/share/learn_gz/package.xml
[0.051s] Invoked command in '/home/bhj/sim_ws/learn_gz/build/learn_gz' returned '0': CMAKE_PREFIX_PATH=${CMAKE_PREFIX_PATH}:/opt/ros/humble /usr/bin/cmake --install /home/bhj/sim_ws/learn_gz/build/learn_gz
