[0.008s] Invoking command in '/home/bhj/sim_ws/learn_gz/build/learn_gz': CMAKE_PREFIX_PATH=/opt/ros/humble /usr/bin/cmake /home/bhj/sim_ws/learn_gz -DCMAKE_INSTALL_PREFIX=/home/bhj/sim_ws/learn_gz/install/learn_gz
[0.076s] -- The C compiler identification is GNU 11.4.0
[0.143s] -- The CXX compiler identification is GNU 11.4.0
[0.151s] -- Detecting C compiler ABI info
[0.207s] -- Detecting C compiler ABI info - done
[0.214s] -- Check for working C compiler: /usr/bin/cc - skipped
[0.214s] -- Detecting C compile features
[0.215s] -- Detecting C compile features - done
[0.218s] -- Detecting CXX compiler ABI info
[0.283s] -- Detecting CXX compiler ABI info - done
[0.290s] -- Check for working CXX compiler: /usr/bin/c++ - skipped
[0.290s] -- Detecting CXX compile features
[0.291s] -- Detecting CXX compile features - done
[0.294s] -- Found ament_cmake: 1.3.12 (/opt/ros/humble/share/ament_cmake/cmake)
[0.632s] -- Found Python3: /usr/bin/python3 (found version "3.10.13") found components: Interpreter 
[0.736s] -- Found ament_lint_auto: 0.12.14 (/opt/ros/humble/share/ament_lint_auto/cmake)
[0.825s] -- Added test 'cppcheck' to perform static code analysis on C / C++ code
[0.825s] -- Configured cppcheck include dirs: 
[0.825s] -- Configured cppcheck exclude dirs and/or files: 
[0.826s] -- Added test 'flake8' to check Python code syntax and style conventions
[0.827s] -- Added test 'lint_cmake' to check CMake code style
[0.828s] -- Added test 'pep257' to check Python code against some of the docstring style conventions in PEP 257
[0.832s] -- Added test 'uncrustify' to check C / C++ code style
[0.832s] -- Configured uncrustify additional arguments: 
[0.832s] -- Added test 'xmllint' to check XML markup files
[0.834s] -- Configuring done
[0.836s] -- Generating done
[0.838s] -- Build files have been written to: /home/bhj/sim_ws/learn_gz/build/learn_gz
[0.842s] Invoked command in '/home/bhj/sim_ws/learn_gz/build/learn_gz' returned '0': CMAKE_PREFIX_PATH=/opt/ros/humble /usr/bin/cmake /home/bhj/sim_ws/learn_gz -DCMAKE_INSTALL_PREFIX=/home/bhj/sim_ws/learn_gz/install/learn_gz
[0.843s] Invoking command in '/home/bhj/sim_ws/learn_gz/build/learn_gz': CMAKE_PREFIX_PATH=/opt/ros/humble /usr/bin/cmake --build /home/bhj/sim_ws/learn_gz/build/learn_gz -- -j12 -l12
[0.871s] Invoked command in '/home/bhj/sim_ws/learn_gz/build/learn_gz' returned '0': CMAKE_PREFIX_PATH=/opt/ros/humble /usr/bin/cmake --build /home/bhj/sim_ws/learn_gz/build/learn_gz -- -j12 -l12
[0.878s] Invoking command in '/home/bhj/sim_ws/learn_gz/build/learn_gz': CMAKE_PREFIX_PATH=/opt/ros/humble /usr/bin/cmake --install /home/bhj/sim_ws/learn_gz/build/learn_gz
[0.884s] -- Install configuration: ""
[0.884s] -- Installing: /home/bhj/sim_ws/learn_gz/install/learn_gz/share/ament_index/resource_index/package_run_dependencies/learn_gz
[0.884s] -- Installing: /home/bhj/sim_ws/learn_gz/install/learn_gz/share/ament_index/resource_index/parent_prefix_path/learn_gz
[0.884s] -- Installing: /home/bhj/sim_ws/learn_gz/install/learn_gz/share/learn_gz/environment/ament_prefix_path.sh
[0.884s] -- Installing: /home/bhj/sim_ws/learn_gz/install/learn_gz/share/learn_gz/environment/ament_prefix_path.dsv
[0.884s] -- Installing: /home/bhj/sim_ws/learn_gz/install/learn_gz/share/learn_gz/environment/path.sh
[0.885s] -- Installing: /home/bhj/sim_ws/learn_gz/install/learn_gz/share/learn_gz/environment/path.dsv
[0.885s] -- Installing: /home/bhj/sim_ws/learn_gz/install/learn_gz/share/learn_gz/local_setup.bash
[0.885s] -- Installing: /home/bhj/sim_ws/learn_gz/install/learn_gz/share/learn_gz/local_setup.sh
[0.885s] -- Installing: /home/bhj/sim_ws/learn_gz/install/learn_gz/share/learn_gz/local_setup.zsh
[0.885s] -- Installing: /home/bhj/sim_ws/learn_gz/install/learn_gz/share/learn_gz/local_setup.dsv
[0.885s] -- Installing: /home/bhj/sim_ws/learn_gz/install/learn_gz/share/learn_gz/package.dsv
[0.885s] -- Installing: /home/bhj/sim_ws/learn_gz/install/learn_gz/share/ament_index/resource_index/packages/learn_gz
[0.885s] -- Installing: /home/bhj/sim_ws/learn_gz/install/learn_gz/share/learn_gz/cmake/learn_gzConfig.cmake
[0.885s] -- Installing: /home/bhj/sim_ws/learn_gz/install/learn_gz/share/learn_gz/cmake/learn_gzConfig-version.cmake
[0.885s] -- Installing: /home/bhj/sim_ws/learn_gz/install/learn_gz/share/learn_gz/package.xml
[0.887s] Invoked command in '/home/bhj/sim_ws/learn_gz/build/learn_gz' returned '0': CMAKE_PREFIX_PATH=/opt/ros/humble /usr/bin/cmake --install /home/bhj/sim_ws/learn_gz/build/learn_gz
