[0.009s] Invoking command in '/home/bhj/sim_ws/learn_gz/build/learn_gz': CMAKE_PREFIX_PATH=${CMAKE_PREFIX_PATH}:/opt/ros/humble /usr/bin/cmake --build /home/bhj/sim_ws/learn_gz/build/learn_gz -- -j12 -l12
[0.026s] -- Found ament_cmake: 1.3.12 (/opt/ros/humble/share/ament_cmake/cmake)
[0.135s] -- Found ament_lint_auto: 0.12.14 (/opt/ros/humble/share/ament_lint_auto/cmake)
[0.219s] -- Added test 'cppcheck' to perform static code analysis on C / C++ code
[0.219s] -- Configured cppcheck include dirs: 
[0.219s] -- Configured cppcheck exclude dirs and/or files: 
[0.221s] -- Added test 'flake8' to check Python code syntax and style conventions
[0.223s] -- Added test 'lint_cmake' to check CMake code style
[0.224s] -- Added test 'pep257' to check Python code against some of the docstring style conventions in PEP 257
[0.233s] -- Added test 'uncrustify' to check C / C++ code style
[0.233s] -- Configured uncrustify additional arguments: 
[0.234s] -- Added test 'xmllint' to check XML markup files
[0.235s] -- Configuring done
[0.237s] -- Generating done
[0.239s] -- Build files have been written to: /home/bhj/sim_ws/learn_gz/build/learn_gz
[0.255s] Invoked command in '/home/bhj/sim_ws/learn_gz/build/learn_gz' returned '0': CMAKE_PREFIX_PATH=${CMAKE_PREFIX_PATH}:/opt/ros/humble /usr/bin/cmake --build /home/bhj/sim_ws/learn_gz/build/learn_gz -- -j12 -l12
[0.263s] Invoking command in '/home/bhj/sim_ws/learn_gz/build/learn_gz': CMAKE_PREFIX_PATH=${CMAKE_PREFIX_PATH}:/opt/ros/humble /usr/bin/cmake --install /home/bhj/sim_ws/learn_gz/build/learn_gz
[0.268s] -- Install configuration: ""
[0.268s] -- Up-to-date: /home/bhj/sim_ws/learn_gz/install/learn_gz/share/learn_gz//launch
[0.268s] -- Up-to-date: /home/bhj/sim_ws/learn_gz/install/learn_gz/share/learn_gz//launch/gz_sim.launch.py
[0.268s] -- Installing: /home/bhj/sim_ws/learn_gz/install/learn_gz/share/learn_gz//config
[0.268s] -- Installing: /home/bhj/sim_ws/learn_gz/install/learn_gz/share/learn_gz//config/bridge_config.yaml
[0.269s] -- Installing: /home/bhj/sim_ws/learn_gz/install/learn_gz/share/learn_gz//worlds
[0.269s] -- Installing: /home/bhj/sim_ws/learn_gz/install/learn_gz/share/learn_gz//worlds/minimal_empty.sdf
[0.269s] -- Up-to-date: /home/bhj/sim_ws/learn_gz/install/learn_gz/share/ament_index/resource_index/package_run_dependencies/learn_gz
[0.269s] -- Up-to-date: /home/bhj/sim_ws/learn_gz/install/learn_gz/share/ament_index/resource_index/parent_prefix_path/learn_gz
[0.269s] -- Up-to-date: /home/bhj/sim_ws/learn_gz/install/learn_gz/share/learn_gz/environment/ament_prefix_path.sh
[0.269s] -- Installing: /home/bhj/sim_ws/learn_gz/install/learn_gz/share/learn_gz/environment/ament_prefix_path.dsv
[0.269s] -- Up-to-date: /home/bhj/sim_ws/learn_gz/install/learn_gz/share/learn_gz/environment/path.sh
[0.269s] -- Installing: /home/bhj/sim_ws/learn_gz/install/learn_gz/share/learn_gz/environment/path.dsv
[0.269s] -- Up-to-date: /home/bhj/sim_ws/learn_gz/install/learn_gz/share/learn_gz/local_setup.bash
[0.269s] -- Up-to-date: /home/bhj/sim_ws/learn_gz/install/learn_gz/share/learn_gz/local_setup.sh
[0.269s] -- Up-to-date: /home/bhj/sim_ws/learn_gz/install/learn_gz/share/learn_gz/local_setup.zsh
[0.270s] -- Installing: /home/bhj/sim_ws/learn_gz/install/learn_gz/share/learn_gz/local_setup.dsv
[0.270s] -- Installing: /home/bhj/sim_ws/learn_gz/install/learn_gz/share/learn_gz/package.dsv
[0.270s] -- Up-to-date: /home/bhj/sim_ws/learn_gz/install/learn_gz/share/ament_index/resource_index/packages/learn_gz
[0.270s] -- Up-to-date: /home/bhj/sim_ws/learn_gz/install/learn_gz/share/learn_gz/cmake/learn_gzConfig.cmake
[0.270s] -- Up-to-date: /home/bhj/sim_ws/learn_gz/install/learn_gz/share/learn_gz/cmake/learn_gzConfig-version.cmake
[0.270s] -- Up-to-date: /home/bhj/sim_ws/learn_gz/install/learn_gz/share/learn_gz/package.xml
[0.271s] Invoked command in '/home/bhj/sim_ws/learn_gz/build/learn_gz' returned '0': CMAKE_PREFIX_PATH=${CMAKE_PREFIX_PATH}:/opt/ros/humble /usr/bin/cmake --install /home/bhj/sim_ws/learn_gz/build/learn_gz
