[0.099s] DEBUG:colcon:Command line arguments: ['/usr/bin/colcon', 'build']
[0.099s] DEBUG:colcon:Parsed command line arguments: Namespace(log_base=None, log_level=None, verb_name='build', build_base='build', install_base='install', merge_install=False, symlink_install=False, test_result_base=None, continue_on_error=False, executor='parallel', parallel_workers=12, event_handlers=None, ignore_user_meta=False, metas=['./colcon.meta'], base_paths=['.'], packages_ignore=None, packages_ignore_regex=None, paths=None, packages_up_to=None, packages_up_to_regex=None, packages_above=None, packages_above_and_dependencies=None, packages_above_depth=None, packages_select_by_dep=None, packages_skip_by_dep=None, packages_skip_up_to=None, packages_select_build_failed=False, packages_skip_build_finished=False, packages_select_test_failures=False, packages_skip_test_passed=False, packages_select=None, packages_skip=None, packages_select_regex=None, packages_skip_regex=None, packages_start=None, packages_end=None, allow_overriding=[], cmake_args=None, cmake_target=None, cmake_target_skip_unavailable=False, cmake_clean_cache=False, cmake_clean_first=False, cmake_force_configure=False, ament_cmake_args=None, catkin_cmake_args=None, catkin_skip_building_tests=False, verb_parser=<colcon_defaults.argument_parser.defaults.DefaultArgumentsDecorator object at 0x7fea1fbfcfa0>, verb_extension=<colcon_core.verb.build.BuildVerb object at 0x7fea1fbfc9a0>, main=<bound method BuildVerb.main of <colcon_core.verb.build.BuildVerb object at 0x7fea1fbfc9a0>>)
[0.136s] Level 1:colcon.colcon_core.package_discovery:discover_packages(colcon_meta) check parameters
[0.136s] Level 1:colcon.colcon_core.package_discovery:discover_packages(recursive) check parameters
[0.136s] Level 1:colcon.colcon_core.package_discovery:discover_packages(ignore) check parameters
[0.136s] Level 1:colcon.colcon_core.package_discovery:discover_packages(path) check parameters
[0.136s] Level 1:colcon.colcon_core.package_discovery:discover_packages(colcon_meta) discover
[0.136s] Level 1:colcon.colcon_core.package_discovery:discover_packages(recursive) discover
[0.136s] INFO:colcon.colcon_core.package_discovery:Crawling recursively for packages in '/home/bhj/sim_ws/learn_gz'
[0.136s] Level 1:colcon.colcon_core.package_identification:_identify(.) by extensions ['ignore', 'ignore_ament_install']
[0.136s] Level 1:colcon.colcon_core.package_identification:_identify(.) by extension 'ignore'
[0.136s] Level 1:colcon.colcon_core.package_identification:_identify(.) by extension 'ignore_ament_install'
[0.136s] Level 1:colcon.colcon_core.package_identification:_identify(.) by extensions ['colcon_pkg']
[0.136s] Level 1:colcon.colcon_core.package_identification:_identify(.) by extension 'colcon_pkg'
[0.136s] Level 1:colcon.colcon_core.package_identification:_identify(.) by extensions ['colcon_meta']
[0.137s] Level 1:colcon.colcon_core.package_identification:_identify(.) by extension 'colcon_meta'
[0.137s] Level 1:colcon.colcon_core.package_identification:_identify(.) by extensions ['ros']
[0.137s] Level 1:colcon.colcon_core.package_identification:_identify(.) by extension 'ros'
[0.168s] DEBUG:colcon.colcon_core.package_identification:Package '.' with type 'ros.ament_cmake' and name 'learn_gz'
[0.168s] Level 1:colcon.colcon_core.package_discovery:discover_packages(recursive) using defaults
[0.168s] Level 1:colcon.colcon_core.package_discovery:discover_packages(ignore) discover
[0.168s] Level 1:colcon.colcon_core.package_discovery:discover_packages(ignore) using defaults
[0.168s] Level 1:colcon.colcon_core.package_discovery:discover_packages(path) discover
[0.168s] Level 1:colcon.colcon_core.package_discovery:discover_packages(path) using defaults
[0.185s] Level 1:colcon.colcon_core.package_discovery:discover_packages(prefix_path) check parameters
[0.185s] Level 1:colcon.colcon_core.package_discovery:discover_packages(prefix_path) discover
[0.186s] DEBUG:colcon.colcon_installed_package_information.package_discovery:Found 1 installed packages in /home/bhj/sim_ws/learn_gz/install
[0.187s] DEBUG:colcon.colcon_installed_package_information.package_discovery:Found 277 installed packages in /opt/ros/humble
[0.189s] Level 1:colcon.colcon_core.package_discovery:discover_packages(prefix_path) using defaults
[0.222s] Level 5:colcon.colcon_core.verb:set package 'learn_gz' build argument 'cmake_args' from command line to 'None'
[0.223s] Level 5:colcon.colcon_core.verb:set package 'learn_gz' build argument 'cmake_target' from command line to 'None'
[0.223s] Level 5:colcon.colcon_core.verb:set package 'learn_gz' build argument 'cmake_target_skip_unavailable' from command line to 'False'
[0.223s] Level 5:colcon.colcon_core.verb:set package 'learn_gz' build argument 'cmake_clean_cache' from command line to 'False'
[0.223s] Level 5:colcon.colcon_core.verb:set package 'learn_gz' build argument 'cmake_clean_first' from command line to 'False'
[0.223s] Level 5:colcon.colcon_core.verb:set package 'learn_gz' build argument 'cmake_force_configure' from command line to 'False'
[0.223s] Level 5:colcon.colcon_core.verb:set package 'learn_gz' build argument 'ament_cmake_args' from command line to 'None'
[0.223s] Level 5:colcon.colcon_core.verb:set package 'learn_gz' build argument 'catkin_cmake_args' from command line to 'None'
[0.223s] Level 5:colcon.colcon_core.verb:set package 'learn_gz' build argument 'catkin_skip_building_tests' from command line to 'False'
[0.223s] DEBUG:colcon.colcon_core.verb:Building package 'learn_gz' with the following arguments: {'ament_cmake_args': None, 'build_base': '/home/bhj/sim_ws/learn_gz/build/learn_gz', 'catkin_cmake_args': None, 'catkin_skip_building_tests': False, 'cmake_args': None, 'cmake_clean_cache': False, 'cmake_clean_first': False, 'cmake_force_configure': False, 'cmake_target': None, 'cmake_target_skip_unavailable': False, 'install_base': '/home/bhj/sim_ws/learn_gz/install/learn_gz', 'merge_install': False, 'path': '/home/bhj/sim_ws/learn_gz', 'symlink_install': False, 'test_result_base': None}
[0.223s] INFO:colcon.colcon_core.executor:Executing jobs using 'parallel' executor
[0.224s] DEBUG:colcon.colcon_parallel_executor.executor.parallel:run_until_complete
[0.224s] INFO:colcon.colcon_ros.task.ament_cmake.build:Building ROS package in '/home/bhj/sim_ws/learn_gz' with build type 'ament_cmake'
[0.224s] INFO:colcon.colcon_cmake.task.cmake.build:Building CMake package in '/home/bhj/sim_ws/learn_gz'
[0.226s] INFO:colcon.colcon_core.plugin_system:Skipping extension 'colcon_core.shell.bat': Not used on non-Windows systems
[0.226s] INFO:colcon.colcon_core.shell:Skip shell extension 'powershell' for command environment: Not usable outside of PowerShell
[0.226s] DEBUG:colcon.colcon_core.shell:Skip shell extension 'dsv' for command environment
[0.232s] DEBUG:colcon.colcon_core.event_handler.log_command:Invoking command in '/home/bhj/sim_ws/learn_gz/build/learn_gz': CMAKE_PREFIX_PATH=${CMAKE_PREFIX_PATH}:/opt/ros/humble /usr/bin/cmake --build /home/bhj/sim_ws/learn_gz/build/learn_gz -- -j12 -l12
[0.260s] DEBUG:colcon.colcon_core.event_handler.log_command:Invoked command in '/home/bhj/sim_ws/learn_gz/build/learn_gz' returned '0': CMAKE_PREFIX_PATH=${CMAKE_PREFIX_PATH}:/opt/ros/humble /usr/bin/cmake --build /home/bhj/sim_ws/learn_gz/build/learn_gz -- -j12 -l12
[0.268s] DEBUG:colcon.colcon_core.event_handler.log_command:Invoking command in '/home/bhj/sim_ws/learn_gz/build/learn_gz': CMAKE_PREFIX_PATH=${CMAKE_PREFIX_PATH}:/opt/ros/humble /usr/bin/cmake --install /home/bhj/sim_ws/learn_gz/build/learn_gz
[0.275s] Level 1:colcon.colcon_core.environment:create_environment_scripts_only(learn_gz)
[0.275s] DEBUG:colcon.colcon_core.event_handler.log_command:Invoked command in '/home/bhj/sim_ws/learn_gz/build/learn_gz' returned '0': CMAKE_PREFIX_PATH=${CMAKE_PREFIX_PATH}:/opt/ros/humble /usr/bin/cmake --install /home/bhj/sim_ws/learn_gz/build/learn_gz
[0.277s] Level 1:colcon.colcon_core.environment:checking '/home/bhj/sim_ws/learn_gz/install/learn_gz' for CMake module files
[0.278s] Level 1:colcon.colcon_core.environment:checking '/home/bhj/sim_ws/learn_gz/install/learn_gz' for CMake config files
[0.278s] Level 1:colcon.colcon_core.shell:create_environment_hook('learn_gz', 'cmake_prefix_path')
[0.278s] INFO:colcon.colcon_core.shell:Creating environment hook '/home/bhj/sim_ws/learn_gz/install/learn_gz/share/learn_gz/hook/cmake_prefix_path.ps1'
[0.279s] INFO:colcon.colcon_core.shell:Creating environment descriptor '/home/bhj/sim_ws/learn_gz/install/learn_gz/share/learn_gz/hook/cmake_prefix_path.dsv'
[0.279s] INFO:colcon.colcon_core.shell:Creating environment hook '/home/bhj/sim_ws/learn_gz/install/learn_gz/share/learn_gz/hook/cmake_prefix_path.sh'
[0.280s] Level 1:colcon.colcon_core.environment:checking '/home/bhj/sim_ws/learn_gz/install/learn_gz/bin'
[0.280s] Level 1:colcon.colcon_core.environment:checking '/home/bhj/sim_ws/learn_gz/install/learn_gz/lib/pkgconfig/learn_gz.pc'
[0.280s] Level 1:colcon.colcon_core.environment:checking '/home/bhj/sim_ws/learn_gz/install/learn_gz/lib/python3.10/site-packages'
[0.280s] Level 1:colcon.colcon_core.environment:checking '/home/bhj/sim_ws/learn_gz/install/learn_gz/bin'
[0.281s] INFO:colcon.colcon_core.shell:Creating package script '/home/bhj/sim_ws/learn_gz/install/learn_gz/share/learn_gz/package.ps1'
[0.281s] INFO:colcon.colcon_core.shell:Creating package descriptor '/home/bhj/sim_ws/learn_gz/install/learn_gz/share/learn_gz/package.dsv'
[0.282s] INFO:colcon.colcon_core.shell:Creating package script '/home/bhj/sim_ws/learn_gz/install/learn_gz/share/learn_gz/package.sh'
[0.282s] INFO:colcon.colcon_core.shell:Creating package script '/home/bhj/sim_ws/learn_gz/install/learn_gz/share/learn_gz/package.bash'
[0.283s] INFO:colcon.colcon_core.shell:Creating package script '/home/bhj/sim_ws/learn_gz/install/learn_gz/share/learn_gz/package.zsh'
[0.284s] Level 1:colcon.colcon_core.environment:create_file_with_runtime_dependencies(/home/bhj/sim_ws/learn_gz/install/learn_gz/share/colcon-core/packages/learn_gz)
[0.284s] Level 1:colcon.colcon_core.environment:create_environment_scripts_only(learn_gz)
[0.284s] Level 1:colcon.colcon_core.environment:checking '/home/bhj/sim_ws/learn_gz/install/learn_gz' for CMake module files
[0.285s] Level 1:colcon.colcon_core.environment:checking '/home/bhj/sim_ws/learn_gz/install/learn_gz' for CMake config files
[0.285s] Level 1:colcon.colcon_core.shell:create_environment_hook('learn_gz', 'cmake_prefix_path')
[0.285s] INFO:colcon.colcon_core.shell:Creating environment hook '/home/bhj/sim_ws/learn_gz/install/learn_gz/share/learn_gz/hook/cmake_prefix_path.ps1'
[0.285s] INFO:colcon.colcon_core.shell:Creating environment descriptor '/home/bhj/sim_ws/learn_gz/install/learn_gz/share/learn_gz/hook/cmake_prefix_path.dsv'
[0.286s] INFO:colcon.colcon_core.shell:Creating environment hook '/home/bhj/sim_ws/learn_gz/install/learn_gz/share/learn_gz/hook/cmake_prefix_path.sh'
[0.286s] Level 1:colcon.colcon_core.environment:checking '/home/bhj/sim_ws/learn_gz/install/learn_gz/bin'
[0.286s] Level 1:colcon.colcon_core.environment:checking '/home/bhj/sim_ws/learn_gz/install/learn_gz/lib/pkgconfig/learn_gz.pc'
[0.287s] Level 1:colcon.colcon_core.environment:checking '/home/bhj/sim_ws/learn_gz/install/learn_gz/lib/python3.10/site-packages'
[0.287s] Level 1:colcon.colcon_core.environment:checking '/home/bhj/sim_ws/learn_gz/install/learn_gz/bin'
[0.287s] INFO:colcon.colcon_core.shell:Creating package script '/home/bhj/sim_ws/learn_gz/install/learn_gz/share/learn_gz/package.ps1'
[0.287s] INFO:colcon.colcon_core.shell:Creating package descriptor '/home/bhj/sim_ws/learn_gz/install/learn_gz/share/learn_gz/package.dsv'
[0.288s] INFO:colcon.colcon_core.shell:Creating package script '/home/bhj/sim_ws/learn_gz/install/learn_gz/share/learn_gz/package.sh'
[0.288s] INFO:colcon.colcon_core.shell:Creating package script '/home/bhj/sim_ws/learn_gz/install/learn_gz/share/learn_gz/package.bash'
[0.289s] INFO:colcon.colcon_core.shell:Creating package script '/home/bhj/sim_ws/learn_gz/install/learn_gz/share/learn_gz/package.zsh'
[0.289s] Level 1:colcon.colcon_core.environment:create_file_with_runtime_dependencies(/home/bhj/sim_ws/learn_gz/install/learn_gz/share/colcon-core/packages/learn_gz)
[0.289s] DEBUG:colcon.colcon_parallel_executor.executor.parallel:closing loop
[0.290s] DEBUG:colcon.colcon_parallel_executor.executor.parallel:loop closed
[0.290s] DEBUG:colcon.colcon_parallel_executor.executor.parallel:run_until_complete finished with '0'
[0.290s] DEBUG:colcon.colcon_core.event_reactor:joining thread
[0.294s] INFO:colcon.colcon_core.plugin_system:Skipping extension 'colcon_notification.desktop_notification.terminal_notifier': Not used on non-Darwin systems
[0.294s] INFO:colcon.colcon_core.plugin_system:Skipping extension 'colcon_notification.desktop_notification.win32': Not used on non-Windows systems
[0.294s] INFO:colcon.colcon_notification.desktop_notification:Sending desktop notification using 'notify2'
[0.310s] DEBUG:colcon.colcon_core.event_reactor:joined thread
[0.311s] INFO:colcon.colcon_core.shell:Creating prefix script '/home/bhj/sim_ws/learn_gz/install/local_setup.ps1'
[0.312s] INFO:colcon.colcon_core.shell:Creating prefix util module '/home/bhj/sim_ws/learn_gz/install/_local_setup_util_ps1.py'
[0.313s] INFO:colcon.colcon_core.shell:Creating prefix chain script '/home/bhj/sim_ws/learn_gz/install/setup.ps1'
[0.314s] INFO:colcon.colcon_core.shell:Creating prefix script '/home/bhj/sim_ws/learn_gz/install/local_setup.sh'
[0.315s] INFO:colcon.colcon_core.shell:Creating prefix util module '/home/bhj/sim_ws/learn_gz/install/_local_setup_util_sh.py'
[0.315s] INFO:colcon.colcon_core.shell:Creating prefix chain script '/home/bhj/sim_ws/learn_gz/install/setup.sh'
[0.316s] INFO:colcon.colcon_core.shell:Creating prefix script '/home/bhj/sim_ws/learn_gz/install/local_setup.bash'
[0.317s] INFO:colcon.colcon_core.shell:Creating prefix chain script '/home/bhj/sim_ws/learn_gz/install/setup.bash'
[0.317s] INFO:colcon.colcon_core.shell:Creating prefix script '/home/bhj/sim_ws/learn_gz/install/local_setup.zsh'
[0.318s] INFO:colcon.colcon_core.shell:Creating prefix chain script '/home/bhj/sim_ws/learn_gz/install/setup.zsh'
